{
  "stats": {
    "suites": 1,
    "tests": 1,
    "passes": 0,
    "pending": 0,
    "failures": 1,
    "start": "2022-01-16T10:49:58.140Z",
    "end": "2022-01-16T10:50:18.141Z",
    "duration": 20001,
    "testsRegistered": 1,
    "passPercent": 0,
    "pendingPercent": 0,
    "other": 0,
    "hasOther": false,
    "skipped": 0,
    "hasSkipped": false
  },
  "results": [
    {
      "uuid": "fa6aa87b-b7c5-43ba-be64-75e9a3abf391",
      "title": "",
      "fullFile": "cypress/integration/testmeta.js",
      "file": "cypress/integration/testmeta.js",
      "beforeHooks": [],
      "afterHooks": [],
      "tests": [],
      "suites": [
        {
          "uuid": "5b90f08f-d514-4aee-bc98-d2f6a8d965b3",
          "title": "Example to demonstrate the handling of new browser windows in cypress",
          "fullFile": "",
          "file": "",
          "beforeHooks": [],
          "afterHooks": [],
          "tests": [
            {
              "title": "Handling new Browser Window",
              "fullTitle": "Example to demonstrate the handling of new browser windows in cypress Handling new Browser Window",
              "timedOut": null,
              "duration": 13157,
              "state": "failed",
              "speed": null,
              "pass": false,
              "fail": true,
              "pending": false,
              "context": null,
              "code": "cy.visit('https://stabilascan.org/signup'); // cy.get('[data-cy=login-page-login-button]').click();\ncy.wait(1000); //cy.get('.rc-inline-block').click();\n//cy.contains('robot').click({force:true});\n//cy.get('#recaptcha-anchor').should('contain' ,'robot').click()\n//cy.get('#recaptcha-anchor-label').contains('robot').click();\n// cy.contains(\"'I'm not a robot\").should('contain',\"'I'm not a robot\").click({force:true})\n//cy.get('[style=\"width: 304px; height: 78px;\"] > div > iframe').click({force:true})\ncy.get('[style=\"width: 304px; height: 78px;\"] > div > iframe').should('have.attr', 'src').then(href => {\n  cy.log('href' + href);\n  const Login = href;\n  Cypress.Commands.add('forceVisit', url => {\n    cy.window().then(win => {\n      return win.open(url, '_self');\n    });\n  });\n  cy.click(Login, {\n    force: true\n  });\n});\ncy.get('[style=\"width: 304px; height: 78px;\"] > div > iframe').trigger('mouseover', {\n  force: true\n}).click({\n  force: true\n});\ncy.get('[style=\"width: 304px; height: 78px;\"] > div > iframe').click({\n  force: true\n});\ncy.get('[style=\"width: 304px; height: 78px;\"] > div > iframe').then(dropdown => {\n  cy.wrap(dropdown).click({\n    force: true\n  });\n  cy.get('[style=\"width: 304px; height: 78px;\"] > div > iframe').each(($el, index, $list) => {\n    // condition matching check\n    if ($el.text() === \"I'm not a robot\") {\n      // click() on that option for selection\n      $el.click();\n    }\n  });\n});\ncy.wait(3000);",
              "err": {
                "message": "CypressError: Oops, it looks like you are trying to call a child command before running a parent command.\n\nYou wrote code that looks like this:\n\n``cy.click(\"https://www.google.com/recaptcha/api2/anchor?ar=1&k=6LenwF4dAAAAAMqQAeT65KWxCy706_h1VUA0nrm6&co=aHR0cHM6Ly9zdGFiaWxhc2Nhbi5vcmc6NDQz&hl=en&v=TDBxTlSsKAUm3tSIa0fwIqNu&size=normal&cb=8ybuyus42m97\")``\n\nA child command must be chained after a parent because it operates on a previous subject.\n\nFor example - if we were issuing the child command `click`...\n\ncy\n  .get('button') // parent command must come first\n  .click()       // then child command comes second",
                "estack": "CypressError: Oops, it looks like you are trying to call a child command before running a parent command.\n\nYou wrote code that looks like this:\n\n``cy.click(\"https://www.google.com/recaptcha/api2/anchor?ar=1&k=6LenwF4dAAAAAMqQAeT65KWxCy706_h1VUA0nrm6&co=aHR0cHM6Ly9zdGFiaWxhc2Nhbi5vcmc6NDQz&hl=en&v=TDBxTlSsKAUm3tSIa0fwIqNu&size=normal&cb=8ybuyus42m97\")``\n\nA child command must be chained after a parent because it operates on a previous subject.\n\nFor example - if we were issuing the child command `click`...\n\ncy\n  .get('button') // parent command must come first\n  .click()       // then child command comes second\n    at pushSubjectAndValidate (https://stabilascan.org/__cypress/runner/cypress_runner.js:151219:19)\n    at Context.<anonymous> (https://stabilascan.org/__cypress/runner/cypress_runner.js:151590:18)\nFrom Your Spec Code:\n    at Context.eval (https://stabilascan.org/__cypress/tests?p=cypress\\integration\\testmeta.js:118:10)",
                "diff": null
              },
              "uuid": "65bfa2f1-f045-4b1a-864b-6b36e13745f4",
              "parentUUID": "5b90f08f-d514-4aee-bc98-d2f6a8d965b3",
              "isHook": false,
              "skipped": false
            }
          ],
          "suites": [],
          "passes": [],
          "failures": [
            "65bfa2f1-f045-4b1a-864b-6b36e13745f4"
          ],
          "pending": [],
          "skipped": [],
          "duration": 13157,
          "root": false,
          "rootEmpty": false,
          "_timeout": 2000
        }
      ],
      "passes": [],
      "failures": [],
      "pending": [],
      "skipped": [],
      "duration": 0,
      "root": true,
      "rootEmpty": true,
      "_timeout": 2000
    }
  ],
  "meta": {
    "mocha": {
      "version": "7.0.1"
    },
    "mochawesome": {
      "options": {
        "quiet": false,
        "reportFilename": "mochawesome",
        "saveHtml": true,
        "saveJson": true,
        "consoleReporter": "spec",
        "useInlineDiffs": false,
        "code": true
      },
      "version": "7.0.1"
    },
    "marge": {
      "options": {
        "id": "default",
        "reportDir": "cypress/reports/mocha",
        "quite": true,
        "overwrite": false,
        "html": true,
        "json": true
      },
      "version": "6.0.1"
    }
  }
}