{
  "stats": {
    "suites": 0,
    "tests": 1,
    "passes": 0,
    "pending": 0,
    "failures": 1,
    "start": "2022-01-14T11:44:45.695Z",
    "end": "2022-01-14T11:44:46.263Z",
    "duration": 568,
    "testsRegistered": 1,
    "passPercent": 0,
    "pendingPercent": 0,
    "other": 0,
    "hasOther": false,
    "skipped": 0,
    "hasSkipped": false
  },
  "results": [
    {
      "uuid": "275f8151-a79f-4690-94eb-767d7ac8a1ca",
      "title": "",
      "fullFile": "cypress/integration/Screenshot.js",
      "file": "cypress/integration/Screenshot.js",
      "beforeHooks": [],
      "afterHooks": [],
      "tests": [
        {
          "title": "An uncaught error was detected outside of a test",
          "fullTitle": "An uncaught error was detected outside of a test",
          "timedOut": null,
          "duration": 447,
          "state": "failed",
          "speed": null,
          "pass": false,
          "fail": true,
          "pending": false,
          "context": null,
          "code": "throw err;",
          "err": {
            "message": "ReferenceError: The following error originated from your test code, not from Cypress.\n\n  > Cy is not defined\n\nWhen Cypress detects uncaught errors originating from your test code it will automatically fail the current test.\n\nCypress could not associate this error to any specific test.\n\nWe dynamically generated a new test to display this failure.",
            "estack": "ReferenceError: The following error originated from your test code, not from Cypress.\n\n  > Cy is not defined\n\nWhen Cypress detects uncaught errors originating from your test code it will automatically fail the current test.\n\nCypress could not associate this error to any specific test.\n\nWe dynamically generated a new test to display this failure.\n    at Suite.eval (http://localhost:50028/__cypress/tests?p=cypress\\integration\\Screenshot.js:100:3)\n    at Object../cypress/integration/Screenshot.js (http://localhost:50028/__cypress/tests?p=cypress\\integration\\Screenshot.js:99:1)\n    at __webpack_require__ (http://localhost:50028/__cypress/tests?p=cypress\\integration\\Screenshot.js:20:30)\n    at Object.0 (http://localhost:50028/__cypress/tests?p=cypress\\integration\\Screenshot.js:113:18)\n    at __webpack_require__ (http://localhost:50028/__cypress/tests?p=cypress\\integration\\Screenshot.js:20:30)\n    at eval (http://localhost:50028/__cypress/tests?p=cypress\\integration\\Screenshot.js:84:18)\n    at eval (http://localhost:50028/__cypress/tests?p=cypress\\integration\\Screenshot.js:87:10)\n    at eval (<anonymous>)",
            "diff": null
          },
          "uuid": "3c17c5a2-3a49-469c-a3f3-f4c2241b376e",
          "parentUUID": "275f8151-a79f-4690-94eb-767d7ac8a1ca",
          "isHook": false,
          "skipped": false
        }
      ],
      "suites": [],
      "passes": [],
      "failures": [
        "3c17c5a2-3a49-469c-a3f3-f4c2241b376e"
      ],
      "pending": [],
      "skipped": [],
      "duration": 447,
      "root": true,
      "rootEmpty": false,
      "_timeout": 2000
    }
  ],
  "meta": {
    "mocha": {
      "version": "7.0.1"
    },
    "mochawesome": {
      "options": {
        "quiet": false,
        "reportFilename": "mochawesome",
        "saveHtml": true,
        "saveJson": true,
        "consoleReporter": "spec",
        "useInlineDiffs": false,
        "code": true
      },
      "version": "7.0.1"
    },
    "marge": {
      "options": {
        "id": "default",
        "reportDir": "cypress/reports/mocha",
        "quite": true,
        "overwrite": false,
        "html": true,
        "json": true
      },
      "version": "6.0.1"
    }
  }
}