{
  "stats": {
    "suites": 1,
    "tests": 1,
    "passes": 0,
    "pending": 0,
    "failures": 1,
    "start": "2021-11-20T05:43:28.754Z",
    "end": "2021-11-20T05:43:55.486Z",
    "duration": 26732,
    "testsRegistered": 1,
    "passPercent": 0,
    "pendingPercent": 0,
    "other": 0,
    "hasOther": false,
    "skipped": 0,
    "hasSkipped": false
  },
  "results": [
    {
      "uuid": "1b1f1c5e-7fa2-4ef4-a3e9-5d8582a6b608",
      "title": "",
      "fullFile": "cypress/integration/fiverProject.js",
      "file": "cypress/integration/fiverProject.js",
      "beforeHooks": [],
      "afterHooks": [],
      "tests": [],
      "suites": [
        {
          "uuid": "b98aff37-6c05-476f-9087-b3357f86f60c",
          "title": "Code Mach",
          "fullFile": "",
          "file": "",
          "beforeHooks": [],
          "afterHooks": [],
          "tests": [
            {
              "title": "codemach solutions",
              "fullTitle": "Code Mach codemach solutions",
              "timedOut": null,
              "duration": 20536,
              "state": "failed",
              "speed": null,
              "pass": false,
              "fail": true,
              "pending": false,
              "context": null,
              "code": "const obj = new _fiverClass.default();\nobj.visitURl();\nobj.Search(); // obj.Email_Passw('bryan','bryan')\n// obj.loginbtn()\n//  cy.wait(3000)\n// obj.reservation()\n// obj.QuotesManagment()\n// obj.AddCustomer()\n///obj.OpenCustomerList()",
              "err": {
                "message": "AssertionError: Timed out retrying after 4000ms: Expected to find element: `#search_button > .icon-search-fine`, but never found it.",
                "estack": "AssertionError: Timed out retrying after 4000ms: Expected to find element: `#search_button > .icon-search-fine`, but never found it.\n    at fiverClass.Search (https://codemachsolutions.com/__cypress/tests?p=cypress\\integration\\fiverProject.js:140:8)\n    at Context.eval (https://codemachsolutions.com/__cypress/tests?p=cypress\\integration\\fiverProject.js:107:9)",
                "diff": null
              },
              "uuid": "a652c681-c745-4b41-9681-4e9f67476871",
              "parentUUID": "b98aff37-6c05-476f-9087-b3357f86f60c",
              "isHook": false,
              "skipped": false
            }
          ],
          "suites": [],
          "passes": [],
          "failures": [
            "a652c681-c745-4b41-9681-4e9f67476871"
          ],
          "pending": [],
          "skipped": [],
          "duration": 20536,
          "root": false,
          "rootEmpty": false,
          "_timeout": 2000
        }
      ],
      "passes": [],
      "failures": [],
      "pending": [],
      "skipped": [],
      "duration": 0,
      "root": true,
      "rootEmpty": true,
      "_timeout": 2000
    }
  ],
  "meta": {
    "mocha": {
      "version": "7.0.1"
    },
    "mochawesome": {
      "options": {
        "quiet": false,
        "reportFilename": "mochawesome",
        "saveHtml": true,
        "saveJson": true,
        "consoleReporter": "spec",
        "useInlineDiffs": false,
        "code": true
      },
      "version": "7.0.1"
    },
    "marge": {
      "options": {
        "id": "default",
        "reportDir": "cypress/reports/mocha",
        "quite": true,
        "overwrite": false,
        "html": true,
        "json": true
      },
      "version": "6.0.1"
    }
  }
}