{
  "stats": {
    "suites": 0,
    "tests": 1,
    "passes": 1,
    "pending": 0,
    "failures": 0,
    "start": "2021-11-20T05:45:00.502Z",
    "end": "2021-11-20T05:46:04.050Z",
    "duration": 63548,
    "testsRegistered": 1,
    "passPercent": 100,
    "pendingPercent": 0,
    "other": 0,
    "hasOther": false,
    "skipped": 0,
    "hasSkipped": false
  },
  "results": [
    {
      "uuid": "8c1ca42c-f59b-4219-9d15-bbcc6b9abffd",
      "title": "",
      "fullFile": "cypress/integration/testmeta.js",
      "file": "cypress/integration/testmeta.js",
      "beforeHooks": [],
      "afterHooks": [],
      "tests": [
        {
          "title": "Test scenario for ordering through Test Meta",
          "fullTitle": "Test scenario for ordering through Test Meta",
          "timedOut": null,
          "duration": 60138,
          "state": "passed",
          "speed": "slow",
          "pass": true,
          "fail": false,
          "pending": false,
          "context": null,
          "code": "cy.visit(\"https://the-internet.herokuapp.com/login\"); // Without Entering User Name and Password and click on Login Button \ncy.get('.fa').should('contain', 'Login').click(); // click on login with assertions\ncy.wait(3000); //wait for 3 sec\ncy.get('#flash').should('contain', 'Your username is invalid!'); // assertion when unsuccessfully login\ncy.log('Login Failed. Inavlid Credentails'); // show message in log when enter incorrect crediantails\ncy.wait(3000); //wait for 3 sec\n// Enter User Name and Password Invalid with special charactors\ncy.get('#username').type('tom$mith', {\n  delay: 200\n}); //enter Username with 0.2 sec delay b/w letters\ncy.get('#password').type('$uper%ecretP@ssw0rd!', {\n  delay: 200\n}); //enter Password with 0.2 sec delay b/w letters\ncy.get('.fa').should('contain', 'Login').click(); // click on login with assertions\ncy.wait(3000); //wait for 3 sec\ncy.get('#flash').should('contain', 'Your username is invalid!'); // assertion when unsuccessfully login\ncy.log('Login Failed. Inavlid Credentails'); // show message in log when enter incorrect crediantails\ncy.wait(3000); //wait for 3 sec\n// Enter User Name and Password Invalid \ncy.get('#username').type('tomsmith', {\n  delay: 200\n}); // enter Username with 0.2 sec delay b/w letters\ncy.get('#password').type('SuperSecretPassword!sd', {\n  delay: 200\n}); //enter Password with 0.2 sec delay b/w letters\ncy.get('.fa').should('contain', 'Login').click(); // click on login with assertions\ncy.wait(3000); //wait for 3 sec\ncy.get('#flash').should('contain', 'Your password is invalid!'); // assertion when unsuccessfully login\ncy.log('Login Failed. Inavlid Credentails'); // show message in log when enter incorrect crediantails\ncy.wait(3000); //wait for 3 sec\n// Enter Valid User name and Password\ncy.get('#username').type('tomsmith', {\n  delay: 200\n}); // enter Username with 0.2 sec delay b/w letters\ncy.get('#password').type('SuperSecretPassword!', {\n  delay: 200\n}); //enter Password with 0.2 sec delay b/w letters\ncy.get('.fa').should('contain', 'Login').click(); // click on login with assertions\ncy.wait(3000); //wait for 3 sec\ncy.get('#flash').should('contain', 'You logged into a secure area!'); // assertion when successfully login\ncy.log('Successfully'); // show message in log when enter correct crediantails\ncy.wait(4000); //wait for 4 sec\n// Click on Logout button with Assertions\ncy.get('.icon-2x').should('contain', 'Logout').click(); // assertion on logout when clicked\ncy.wait(4000); //wait for 4 sec\ncy.get('#flash').should('contain', 'You logged out of the secure area!'); // assertion message on logout",
          "err": {},
          "uuid": "e83cd218-1d22-4fc3-b692-c96f819eebe4",
          "parentUUID": "8c1ca42c-f59b-4219-9d15-bbcc6b9abffd",
          "isHook": false,
          "skipped": false
        }
      ],
      "suites": [],
      "passes": [
        "e83cd218-1d22-4fc3-b692-c96f819eebe4"
      ],
      "failures": [],
      "pending": [],
      "skipped": [],
      "duration": 60138,
      "root": true,
      "rootEmpty": false,
      "_timeout": 2000
    }
  ],
  "meta": {
    "mocha": {
      "version": "7.0.1"
    },
    "mochawesome": {
      "options": {
        "quiet": false,
        "reportFilename": "mochawesome",
        "saveHtml": true,
        "saveJson": true,
        "consoleReporter": "spec",
        "useInlineDiffs": false,
        "code": true
      },
      "version": "7.0.1"
    },
    "marge": {
      "options": {
        "id": "default",
        "reportDir": "cypress/reports/mocha",
        "quite": true,
        "overwrite": false,
        "html": true,
        "json": true
      },
      "version": "6.0.1"
    }
  }
}